<?xml version="1.0" encoding="UTF-8"?>
<!-- Generated by org.testng.reporters.JUnitReportReporter -->
<testsuite skipped="0" hostname="EQ-EQ6284170" name="sdet.pixelogic.selenium.test.RegisterProcessTest" tests="3" failures="0" timestamp="2020-08-05T11:24:32 EET" time="13.780" errors="0">
  <testcase name="SignUp" time="5.989" classname="sdet.pixelogic.selenium.test.RegisterProcessTest"/>
  <system-out/>
  <testcase name="Logout" time="4.100" classname="sdet.pixelogic.selenium.test.RegisterProcessTest"/>
  <system-out/>
  <testcase name="Login" time="3.691" classname="sdet.pixelogic.selenium.test.RegisterProcessTest"/>
  <system-out/>
</testsuite> <!-- sdet.pixelogic.selenium.test.RegisterProcessTest -->
