<?xml version="1.0" encoding="UTF-8"?>
<!-- Generated by org.testng.reporters.JUnitReportReporter -->
<testsuite skipped="0" hostname="EQ-EQ6284170" name="sdet.pixelogic.selenium.test.ChromeDriverTest" tests="3" failures="0" timestamp="2020-08-04T19:05:38 EET" time="11.467" errors="0">
  <testcase name="SignUp" time="5.984" classname="sdet.pixelogic.selenium.test.ChromeDriverTest"/>
  <system-out/>
  <testcase name="Logout" time="2.704" classname="sdet.pixelogic.selenium.test.ChromeDriverTest"/>
  <system-out/>
  <testcase name="Login" time="2.779" classname="sdet.pixelogic.selenium.test.ChromeDriverTest"/>
  <system-out/>
</testsuite> <!-- sdet.pixelogic.selenium.test.ChromeDriverTest -->
